<?xml version="1.0" encoding="UTF-8"?>
<testng-results ignored="0" total="1" passed="1" failed="0" skipped="0">
  <reporter-output>
  </reporter-output>
  <suite started-at="2024-04-02T23:05:52 IST" name="Default suite" finished-at="2024-04-02T23:05:52 IST" duration-ms="39">
    <groups>
    </groups>
    <test started-at="2024-04-02T23:05:52 IST" name="Default test" finished-at="2024-04-02T23:05:52 IST" duration-ms="39">
      <class name="com.commanMethods.Example">
        <test-method signature="data()[pri:0, instance:com.commanMethods.Example@4ac3c60d]" started-at="2024-04-02T23:05:52 IST" name="data" finished-at="2024-04-02T23:05:52 IST" duration-ms="10" status="PASS">
          <reporter-output>
          </reporter-output>
        </test-method> <!-- data -->
      </class> <!-- com.commanMethods.Example -->
    </test> <!-- Default test -->
  </suite> <!-- Default suite -->
</testng-results>
